<?xml version="1.0" encoding="UTF-8" ?>
<testsuite tests="16" failures="0" name="analyzerConditionCoverTest" time="0.027" errors="0" skipped="0">
  <properties>
[...]
</properties>
  <testcase classname="analyzerConditionCoverTest" name="LBRACE" time="0.009"/>
  <testcase classname="analyzerConditionCoverTest" name="RBRACE" time="0"/>
  <testcase classname="analyzerConditionCoverTest" name="reserveCode" time="0.005"/>
  <testcase classname="analyzerConditionCoverTest" name="emptyTest" time="0"/>
  <testcase classname="analyzerConditionCoverTest" name="emptyTest1" time="0"/>
  <testcase classname="analyzerConditionCoverTest" name="LPAR" time="0.001"/>
  <testcase classname="analyzerConditionCoverTest" name="RPAR" time="0"/>
  <testcase classname="analyzerConditionCoverTest" name="plus" time="0.001"/>
  <testcase classname="analyzerConditionCoverTest" name="star" time="0"/>
  <testcase classname="analyzerConditionCoverTest" name="equal" time="0"/>
  <testcase classname="analyzerConditionCoverTest" name="power" time="0.001"/>
  <testcase classname="analyzerConditionCoverTest" name="errorTest" time="0"/>
  <testcase classname="analyzerConditionCoverTest" name="Identifier" time="0.007"/>
  <testcase classname="analyzerConditionCoverTest" name="Digit1" time="0.001"/>
  <testcase classname="analyzerConditionCoverTest" name="Digit2" time="0"/>
  <testcase classname="analyzerConditionCoverTest" name="SEMICOLON" time="0.002"/>
</testsuite>